{"timestamp":"2025-09-18T23:49:22.228547-04:00","level":"INFO","message":"Starting deletion validation","details":{"dry_run":true,"file_count":38,"force":false,"operation":"manual_deletion"}}
{"timestamp":"2025-09-18T23:49:22.232917-04:00","level":"INFO","message":"Deletion validation completed","details":{"blocked_files":0,"is_safe":true,"risky_files":0,"safe_files":38,"total_size":53797102,"warnings":0}}
{"timestamp":"2025-09-18T23:49:22.244334-04:00","level":"INFO","message":"Starting deletion validation","details":{"dry_run":false,"file_count":38,"force":false,"operation":"manual_deletion"}}
{"timestamp":"2025-09-18T23:49:22.246436-04:00","level":"INFO","message":"Deletion validation completed","details":{"blocked_files":0,"is_safe":true,"risky_files":0,"safe_files":38,"total_size":53797102,"warnings":0}}
{"timestamp":"2025-09-18T23:50:03.756153-04:00","level":"INFO","message":"Starting deletion validation","details":{"dry_run":true,"file_count":38,"force":false,"operation":"manual_deletion"}}
{"timestamp":"2025-09-18T23:50:03.760257-04:00","level":"INFO","message":"Deletion validation completed","details":{"blocked_files":0,"is_safe":true,"risky_files":0,"safe_files":38,"total_size":53797102,"warnings":0}}
{"timestamp":"2025-09-18T23:50:03.76234-04:00","level":"INFO","message":"Starting deletion validation","details":{"dry_run":false,"file_count":38,"force":false,"operation":"manual_deletion"}}
{"timestamp":"2025-09-18T23:50:03.763764-04:00","level":"INFO","message":"Deletion validation completed","details":{"blocked_files":0,"is_safe":true,"risky_files":0,"safe_files":38,"total_size":53797102,"warnings":0}}
{"timestamp":"2025-09-18T23:50:43.820924-04:00","level":"INFO","message":"Starting deletion validation","details":{"dry_run":true,"file_count":38,"force":false,"operation":"manual_deletion"}}
{"timestamp":"2025-09-18T23:50:43.825017-04:00","level":"INFO","message":"Deletion validation completed","details":{"blocked_files":0,"is_safe":true,"risky_files":0,"safe_files":38,"total_size":53797102,"warnings":0}}
{"timestamp":"2025-09-18T23:50:43.84493-04:00","level":"INFO","message":"Starting deletion validation","details":{"dry_run":false,"file_count":38,"force":false,"operation":"manual_deletion"}}
{"timestamp":"2025-09-18T23:50:43.847374-04:00","level":"INFO","message":"Deletion validation completed","details":{"blocked_files":0,"is_safe":true,"risky_files":0,"safe_files":38,"total_size":53797102,"warnings":0}}
{"timestamp":"2025-09-18T23:52:32.563663-04:00","level":"INFO","message":"Starting deletion validation","details":{"dry_run":true,"file_count":38,"force":false,"operation":"manual_deletion"}}
{"timestamp":"2025-09-18T23:52:32.566875-04:00","level":"INFO","message":"Deletion validation completed","details":{"blocked_files":0,"is_safe":true,"risky_files":0,"safe_files":38,"total_size":53797102,"warnings":0}}
{"timestamp":"2025-09-18T23:52:32.579891-04:00","level":"INFO","message":"Starting deletion validation","details":{"dry_run":false,"file_count":38,"force":false,"operation":"manual_deletion"}}
{"timestamp":"2025-09-18T23:52:32.581579-04:00","level":"INFO","message":"Deletion validation completed","details":{"blocked_files":0,"is_safe":true,"risky_files":0,"safe_files":38,"total_size":53797102,"warnings":0}}
{"timestamp":"2025-09-18T23:52:34.2415-04:00","level":"INFO","message":"Starting deletion operation","details":{"dry_run":false,"file_count":38,"force":false,"operation":"manual_deletion"}}
{"timestamp":"2025-09-18T23:54:05.234969-04:00","level":"INFO","message":"Starting deletion validation","details":{"dry_run":true,"file_count":38,"force":false,"operation":"manual_deletion"}}
{"timestamp":"2025-09-18T23:54:05.237842-04:00","level":"INFO","message":"Deletion validation completed","details":{"blocked_files":0,"is_safe":true,"risky_files":0,"safe_files":38,"total_size":53797102,"warnings":0}}
{"timestamp":"2025-09-18T23:54:05.251091-04:00","level":"INFO","message":"Starting deletion validation","details":{"dry_run":false,"file_count":38,"force":false,"operation":"manual_deletion"}}
{"timestamp":"2025-09-18T23:54:05.252554-04:00","level":"INFO","message":"Deletion validation completed","details":{"blocked_files":0,"is_safe":true,"risky_files":0,"safe_files":38,"total_size":53797102,"warnings":0}}
{"timestamp":"2025-09-18T23:54:07.201745-04:00","level":"INFO","message":"Starting deletion operation","details":{"dry_run":false,"file_count":38,"force":false,"operation":"manual_deletion"}}
{"timestamp":"2025-09-18T23:56:00.174955-04:00","level":"INFO","message":"Starting deletion validation","details":{"dry_run":true,"file_count":38,"force":false,"operation":"manual_deletion"}}
{"timestamp":"2025-09-18T23:56:00.176991-04:00","level":"INFO","message":"Deletion validation completed","details":{"blocked_files":0,"is_safe":true,"risky_files":0,"safe_files":38,"total_size":53797102,"warnings":0}}
{"timestamp":"2025-09-18T23:56:00.192881-04:00","level":"INFO","message":"Starting deletion validation","details":{"dry_run":false,"file_count":38,"force":false,"operation":"manual_deletion"}}
{"timestamp":"2025-09-18T23:56:00.196987-04:00","level":"INFO","message":"Deletion validation completed","details":{"blocked_files":0,"is_safe":true,"risky_files":0,"safe_files":38,"total_size":53797102,"warnings":0}}
{"timestamp":"2025-09-18T23:56:02.636953-04:00","level":"INFO","message":"Starting deletion operation","details":{"dry_run":false,"file_count":38,"force":false,"operation":"manual_deletion"}}
{"timestamp":"2025-09-18T23:57:53.246081-04:00","level":"INFO","message":"Starting deletion validation","details":{"dry_run":true,"file_count":38,"force":false,"operation":"manual_deletion"}}
{"timestamp":"2025-09-18T23:57:53.248577-04:00","level":"INFO","message":"Deletion validation completed","details":{"blocked_files":0,"is_safe":true,"risky_files":0,"safe_files":38,"total_size":53797102,"warnings":0}}
{"timestamp":"2025-09-18T23:57:53.282285-04:00","level":"INFO","message":"Starting deletion validation","details":{"dry_run":false,"file_count":38,"force":false,"operation":"manual_deletion"}}
{"timestamp":"2025-09-18T23:57:53.283112-04:00","level":"INFO","message":"Deletion validation completed","details":{"blocked_files":0,"is_safe":true,"risky_files":0,"safe_files":38,"total_size":53797102,"warnings":0}}
{"timestamp":"2025-09-18T23:57:57.032044-04:00","level":"INFO","message":"Starting deletion validation","details":{"dry_run":true,"file_count":38,"force":false,"operation":"manual_deletion"}}
{"timestamp":"2025-09-18T23:57:57.03448-04:00","level":"INFO","message":"Deletion validation completed","details":{"blocked_files":0,"is_safe":true,"risky_files":0,"safe_files":38,"total_size":53797102,"warnings":0}}
{"timestamp":"2025-09-18T23:57:57.043271-04:00","level":"INFO","message":"Starting deletion validation","details":{"dry_run":false,"file_count":38,"force":false,"operation":"manual_deletion"}}
{"timestamp":"2025-09-18T23:57:57.045169-04:00","level":"INFO","message":"Deletion validation completed","details":{"blocked_files":0,"is_safe":true,"risky_files":0,"safe_files":38,"total_size":53797102,"warnings":0}}
{"timestamp":"2025-09-18T23:57:59.075908-04:00","level":"INFO","message":"Starting deletion operation","details":{"dry_run":false,"file_count":38,"force":false,"operation":"manual_deletion"}}
{"timestamp":"2025-09-19T00:00:08.870685-04:00","level":"INFO","message":"Starting deletion validation","details":{"dry_run":true,"file_count":38,"force":false,"operation":"manual_deletion"}}
{"timestamp":"2025-09-19T00:00:08.874907-04:00","level":"INFO","message":"Deletion validation completed","details":{"blocked_files":0,"is_safe":true,"risky_files":0,"safe_files":38,"total_size":53797102,"warnings":0}}
{"timestamp":"2025-09-19T00:00:08.90238-04:00","level":"INFO","message":"Starting deletion validation","details":{"dry_run":false,"file_count":38,"force":false,"operation":"manual_deletion"}}
{"timestamp":"2025-09-19T00:00:08.906663-04:00","level":"INFO","message":"Deletion validation completed","details":{"blocked_files":0,"is_safe":true,"risky_files":0,"safe_files":38,"total_size":53797102,"warnings":0}}
{"timestamp":"2025-09-19T00:00:10.918867-04:00","level":"INFO","message":"Starting deletion operation","details":{"dry_run":false,"file_count":38,"force":false,"operation":"manual_deletion"}}
{"timestamp":"2025-09-19T00:00:10.920094-04:00","level":"INFO","message":"Starting deletion validation","details":{"dry_run":false,"file_count":38,"force":false,"operation":"manual_deletion"}}
{"timestamp":"2025-09-19T00:00:10.923339-04:00","level":"INFO","message":"Deletion validation completed","details":{"blocked_files":0,"is_safe":true,"risky_files":0,"safe_files":38,"total_size":53797102,"warnings":0}}
{"timestamp":"2025-09-19T00:00:11.153821-04:00","level":"INFO","message":"Backup created successfully","details":{"backed_up":38,"backup_size":53797102,"session_id":"backup_1758254410"}}
{"timestamp":"2025-09-19T00:00:11.15493-04:00","level":"INFO","message":"File deleted successfully","details":{"file_path":"/Users/yingxizhao/Library/Caches/Google/Chrome/Default/Code Cache/wasm/6d2a1072bb403731_0","size":3093921}}
{"timestamp":"2025-09-19T00:00:11.155698-04:00","level":"INFO","message":"File deleted successfully","details":{"file_path":"/Users/yingxizhao/Library/Caches/Google/Chrome/Default/Code Cache/wasm/af654b0e87424ccc_0","size":3080706}}
{"timestamp":"2025-09-19T00:00:11.156662-04:00","level":"INFO","message":"File deleted successfully","details":{"file_path":"/Users/yingxizhao/Library/Caches/Google/Chrome/Default/Code Cache/wasm/9cff890f14b01f44_0","size":3074372}}
{"timestamp":"2025-09-19T00:00:11.157062-04:00","level":"INFO","message":"File deleted successfully","details":{"file_path":"/Users/yingxizhao/Library/Caches/Google/Chrome/Default/Code Cache/wasm/133f127b5d6336a8_0","size":3068634}}
{"timestamp":"2025-09-19T00:00:11.157641-04:00","level":"INFO","message":"File deleted successfully","details":{"file_path":"/Users/yingxizhao/Library/Caches/Google/Chrome/Default/Code Cache/wasm/844b2561e8754dd6_0","size":3066687}}
{"timestamp":"2025-09-19T00:00:11.158188-04:00","level":"INFO","message":"File deleted successfully","details":{"file_path":"/Users/yingxizhao/Library/Caches/Google/Chrome/Default/Code Cache/wasm/4f477bbf5c0a3bd1_0","size":3065327}}
{"timestamp":"2025-09-19T00:00:11.159095-04:00","level":"INFO","message":"File deleted successfully","details":{"file_path":"/Users/yingxizhao/Library/Caches/Google/Chrome/Default/Code Cache/wasm/cb5afba3136308c4_0","size":3051811}}
{"timestamp":"2025-09-19T00:00:11.16021-04:00","level":"INFO","message":"File deleted successfully","details":{"file_path":"/Users/yingxizhao/Library/Caches/Google/Chrome/Profile 1/Code Cache/wasm/ebdf3c5cdaf45a70_0","size":2102628}}
{"timestamp":"2025-09-19T00:00:11.161092-04:00","level":"INFO","message":"File deleted successfully","details":{"file_path":"/Users/yingxizhao/Library/Caches/Google/Chrome/Default/Code Cache/wasm/ec19998d7ba83234_0","size":2000755}}
{"timestamp":"2025-09-19T00:00:11.164328-04:00","level":"INFO","message":"File deleted successfully","details":{"file_path":"/Users/yingxizhao/Library/Caches/Google/Chrome/Default/Cache/Cache_Data/acbc3da5b96b1396_0","size":1908511}}
{"timestamp":"2025-09-19T00:00:11.16455-04:00","level":"INFO","message":"File deleted successfully","details":{"file_path":"/Users/yingxizhao/Library/Caches/Google/Chrome/Default/Code Cache/js/409371d3b6727e9e_0","size":1893712}}
{"timestamp":"2025-09-19T00:00:11.166673-04:00","level":"INFO","message":"File deleted successfully","details":{"file_path":"/Users/yingxizhao/Library/Caches/Google/Chrome/Default/Cache/Cache_Data/f92a9f8506ca6c12_0","size":1781441}}
{"timestamp":"2025-09-19T00:00:11.170196-04:00","level":"INFO","message":"File deleted successfully","details":{"file_path":"/Users/yingxizhao/Library/Caches/Google/Chrome/Profile 1/Cache/Cache_Data/2b9bffaebbd5b958_0","size":1635748}}
{"timestamp":"2025-09-19T00:00:11.170908-04:00","level":"INFO","message":"File deleted successfully","details":{"file_path":"/Users/yingxizhao/Library/Caches/Google/Chrome/Default/Code Cache/wasm/b822b138c9fd9cc2_0","size":1624816}}
{"timestamp":"2025-09-19T00:00:11.177451-04:00","level":"INFO","message":"File deleted successfully","details":{"file_path":"/Users/yingxizhao/Library/Caches/Google/Chrome/Default/Cache/Cache_Data/79cb2f918606d60b_0","size":1576525}}
{"timestamp":"2025-09-19T00:00:11.179666-04:00","level":"INFO","message":"File deleted successfully","details":{"file_path":"/Users/yingxizhao/Library/Caches/Google/Chrome/Profile 1/Cache/Cache_Data/8c19f99a4de1f030_0","size":1567194}}
{"timestamp":"2025-09-19T00:00:11.183045-04:00","level":"INFO","message":"File deleted successfully","details":{"file_path":"/Users/yingxizhao/Library/Caches/Google/Chrome/Profile 1/Cache/Cache_Data/3b1cadf7d4fde3d4_0","size":1177308}}
{"timestamp":"2025-09-19T00:00:11.183626-04:00","level":"INFO","message":"File deleted successfully","details":{"file_path":"/Users/yingxizhao/Library/Caches/Google/Chrome/Profile 1/Code Cache/wasm/721db9a8309f9a61_0","size":1125576}}
{"timestamp":"2025-09-19T00:00:11.188632-04:00","level":"INFO","message":"File deleted successfully","details":{"file_path":"/Users/yingxizhao/Library/Caches/Google/Chrome/Default/Cache/Cache_Data/8d400ebf8d821bcd_0","size":1072390}}
{"timestamp":"2025-09-19T00:00:11.190761-04:00","level":"INFO","message":"File deleted successfully","details":{"file_path":"/Users/yingxizhao/Library/Caches/Google/Chrome/Default/Cache/Cache_Data/68a2ce8cfc80a5c1_0","size":1055585}}
{"timestamp":"2025-09-19T00:00:11.19505-04:00","level":"INFO","message":"File deleted successfully","details":{"file_path":"/Users/yingxizhao/Library/Caches/Google/Chrome/Default/Cache/Cache_Data/c1de4e5696228012_0","size":976348}}
{"timestamp":"2025-09-19T00:00:11.195657-04:00","level":"INFO","message":"File deleted successfully","details":{"file_path":"/Users/yingxizhao/Library/Caches/Google/Chrome/Default/Code Cache/wasm/b48696f6ae3e9a1e_0","size":854107}}
{"timestamp":"2025-09-19T00:00:11.200089-04:00","level":"INFO","message":"File deleted successfully","details":{"file_path":"/Users/yingxizhao/Library/Caches/Google/Chrome/Default/Cache/Cache_Data/6ac3ad27f30cb989_0","size":813595}}
{"timestamp":"2025-09-19T00:00:11.20062-04:00","level":"INFO","message":"File deleted successfully","details":{"file_path":"/Users/yingxizhao/Library/Caches/Google/Chrome/Default/Code Cache/js/53ffa20215692a43_0","size":741688}}
{"timestamp":"2025-09-19T00:00:11.201491-04:00","level":"INFO","message":"File deleted successfully","details":{"file_path":"/Users/yingxizhao/Library/Caches/Google/Chrome/Default/Code Cache/js/5e05fa096d23f99c_0","size":741688}}
{"timestamp":"2025-09-19T00:00:11.202902-04:00","level":"INFO","message":"File deleted successfully","details":{"file_path":"/Users/yingxizhao/Library/Caches/Google/Chrome/Default/Cache/Cache_Data/de2106aefa52459e_0","size":701668}}
{"timestamp":"2025-09-19T00:00:11.204577-04:00","level":"INFO","message":"File deleted successfully","details":{"file_path":"/Users/yingxizhao/Library/Caches/Google/Chrome/Default/Cache/Cache_Data/94232b108141c3a5_0","size":692218}}
{"timestamp":"2025-09-19T00:00:11.205127-04:00","level":"INFO","message":"File deleted successfully","details":{"file_path":"/Users/yingxizhao/Library/Caches/Google/Chrome/Default/Cache/Cache_Data/537ab087779958d8_0","size":686482}}
{"timestamp":"2025-09-19T00:00:11.206371-04:00","level":"INFO","message":"File deleted successfully","details":{"file_path":"/Users/yingxizhao/Library/Caches/Google/Chrome/Default/Cache/Cache_Data/bfca348dbaeb7e1a_0","size":685223}}
{"timestamp":"2025-09-19T00:00:11.207515-04:00","level":"INFO","message":"File deleted successfully","details":{"file_path":"/Users/yingxizhao/Library/Caches/Google/Chrome/Default/Cache/Cache_Data/c801369ea9197e87_0","size":649963}}
{"timestamp":"2025-09-19T00:00:11.208088-04:00","level":"INFO","message":"File deleted successfully","details":{"file_path":"/Users/yingxizhao/Library/Caches/Google/Chrome/Profile 1/Cache/Cache_Data/2618d1d09507998a_0","size":633544}}
{"timestamp":"2025-09-19T00:00:11.208892-04:00","level":"INFO","message":"File deleted successfully","details":{"file_path":"/Users/yingxizhao/Library/Caches/Google/Chrome/Default/Cache/Cache_Data/2d544cd4cb000101_0","size":570608}}
{"timestamp":"2025-09-19T00:00:11.20975-04:00","level":"INFO","message":"File deleted successfully","details":{"file_path":"/Users/yingxizhao/Library/Caches/Google/Chrome/Default/Cache/Cache_Data/4205067b1d43a313_0","size":552344}}
{"timestamp":"2025-09-19T00:00:11.211517-04:00","level":"INFO","message":"File deleted successfully","details":{"file_path":"/Users/yingxizhao/Library/Caches/Google/Chrome/Profile 1/Cache/Cache_Data/a9be19e65d105e17_0","size":530800}}
{"timestamp":"2025-09-19T00:00:11.212101-04:00","level":"INFO","message":"File deleted successfully","details":{"file_path":"/Users/yingxizhao/Library/Caches/Google/Chrome/Default/Code Cache/js/39e733a8527ad347_0","size":509832}}
{"timestamp":"2025-09-19T00:00:11.212659-04:00","level":"INFO","message":"File deleted successfully","details":{"file_path":"/Users/yingxizhao/Library/Caches/Google/Chrome/Default/Cache/Cache_Data/da0caf41616c97bb_0","size":484592}}
{"timestamp":"2025-09-19T00:00:11.212956-04:00","level":"INFO","message":"File deleted successfully","details":{"file_path":"/Users/yingxizhao/Library/Caches/Google/Chrome/Default/Cache/Cache_Data/a193f8dee13c0ce8_0","size":475591}}
{"timestamp":"2025-09-19T00:00:11.213074-04:00","level":"INFO","message":"File deleted successfully","details":{"file_path":"/Users/yingxizhao/Library/Caches/Google/Chrome/Default/Cache/Cache_Data/97a03ff69a29377e_0","size":473164}}
{"timestamp":"2025-09-19T00:00:11.213102-04:00","level":"INFO","message":"Deletion operation completed","details":{"deleted_count":38,"deleted_size":53797102,"duration":294268667,"failed_count":0,"operation":"manual_deletion","skipped_count":0}}
